
-- SCANNING INPUTS --

   Moverlaps
------------ ----------------------------------------
       0.000          1-overlapper/results/000001.ovb
------------ ----------------------------------------
       0.000 Moverlaps in inputs
       0.000 Moverlaps to sort

Found no overlaps to sort.

Allocating space for 0 overlaps.


-- LOADING OVERLAPS --

       Input       Loaded  Percent  Percent
   Moverlaps    Moverlaps   Loaded Complete
------------ ------------ -------- -------- ----------------------------------------
       0.000        0.000    -nan%  100.00%          1-overlapper/results/000001.ovb
------------ ------------ -------- -------- ----------------------------------------
       0.000        0.000    -nan%  100.00%

-- OVERLAP FILTERING --

TRIMMING OVERLAPS
Saved      0 trimming overlaps
Discarded  0 don't care

UNITIGGING OVERLAPS
Saved      0 unitigging overlaps

Discarded  0 low quality, more than 1.0000 fraction error
Discarded  0 opposite orientation


-- SORT OVERLAPS --


-- OUTPUT OVERLAPS --

WARNING:
WARNING:  No overlaps loaded in to the store.
WARNING:
Created ovStore './efaecium.ovlStore.BUILDING' with 0 overlaps for reads from 4294967295 to 0.

-- TEST STORE --

Success!  Found 0 reads with 0 overlaps out of 7645 reads total.

Bye.
