[2026-01-14 13:54:58,446] multiqc                                            [DEBUG  ]  This is MultiQC v1.18
[2026-01-14 13:54:58,450] multiqc                                            [DEBUG  ]  Command used: /usr/bin/multiqc .
[2026-01-14 13:54:59,001] multiqc                                            [WARNING]  MultiQC Version v1.33 now available!
[2026-01-14 13:54:59,002] multiqc                                            [DEBUG  ]  Working dir : /mnt/c/Users/julie/NGS_project/Projet_Genomique_Efaecium/results/fastqc_multiqc/fastqc_trim_illumina
[2026-01-14 13:54:59,002] multiqc                                            [DEBUG  ]  Template    : default
[2026-01-14 13:54:59,002] multiqc                                            [DEBUG  ]  Running Python 3.12.3 (main, Jan  8 2026, 11:30:50) [GCC 13.3.0]
[2026-01-14 13:54:59,003] multiqc                                            [DEBUG  ]  Analysing modules: custom_content, ccs, ngsderive, purple, conpair, lima, peddy, somalier, methylQA, mosdepth, phantompeakqualtools, qualimap, preseq, hifiasm, quast, qorts, rna_seqc, rockhopper, rsem, rseqc, busco, bustools, goleft_indexcov, gffcompare, disambiguate, supernova, deeptools, sargasso, verifybamid, mirtrace, happy, mirtop, sambamba, gopeaks, homer, hops, macs2, theta2, snpeff, gatk, htseq, bcftools, featureCounts, fgbio, dragen, dragen_fastqc, dedup, pbmarkdup, damageprofiler, mapdamage, biobambam2, jcvi, mtnucratio, picard, vep, bakta, prokka, qc3C, nanostat, samblaster, samtools, sexdeterrmine, seqera_cli, eigenstratdatabasetools, bamtools, jellyfish, vcftools, longranger, stacks, varscan2, snippy, umitools, truvari, bbmap, bismark, biscuit, diamond, hicexplorer, hicup, hicpro, salmon, kallisto, slamdunk, star, hisat2, tophat, bowtie2, bowtie1, cellranger, snpsplit, odgi, pangolin, nextclade, freyja, humid, kat, leehom, librarian, adapterRemoval, bbduk, clipandmerge, cutadapt, flexbar, sourmash, kaiju, bracken, kraken, malt, motus, trimmomatic, sickle, skewer, sortmerna, biobloomtools, fastq_screen, afterqc, fastp, fastqc, filtlong, prinseqplusplus, pychopper, porechop, pycoqc, minionqc, anglerfish, multivcfanalyzer, clusterflow, checkqc, bcl2fastq, bclconvert, interop, ivar, flash, seqyclean, optitype, whatshap, xenome, xengsort
[2026-01-14 13:54:59,004] multiqc                                            [DEBUG  ]  Using temporary directory for creating report: /tmp/tmpcb8ea48t
[2026-01-14 13:54:59,012] multiqc                                            [INFO   ]  Search path : /mnt/c/Users/julie/NGS_project/Projet_Genomique_Efaecium/results/fastqc_multiqc/fastqc_trim_illumina
[2026-01-14 13:55:01,010] multiqc                                            [DEBUG  ]  Summary of files that were skipped by the search: [skipped_module_specific_max_filesize: 168] // [skipped_no_match: 14]
[2026-01-14 13:55:01,454] multiqc.plots.bargraph                             [DEBUG  ]  Using matplotlib version 3.6.3
[2026-01-14 13:55:01,456] multiqc.plots.linegraph                            [DEBUG  ]  Using matplotlib version 3.6.3
[2026-01-14 13:55:01,458] multiqc                                            [DEBUG  ]  No samples found: custom_content
[2026-01-14 13:55:01,919] multiqc.modules.fastqc.fastqc                      [INFO   ]  Found 14 reports
[2026-01-14 13:55:02,000] multiqc.utils.software_versions                    [DEBUG  ]  Reading software versions from config.software_versions
[2026-01-14 13:55:02,012] multiqc                                            [DEBUG  ]  Compressing plot data
[2026-01-14 13:55:02,075] multiqc                                            [INFO   ]  Report      : multiqc_report.html
[2026-01-14 13:55:02,075] multiqc                                            [INFO   ]  Data        : multiqc_data
[2026-01-14 13:55:02,075] multiqc                                            [DEBUG  ]  Moving data file from '/tmp/tmpcb8ea48t/multiqc_data' to '/mnt/c/Users/julie/NGS_project/Projet_Genomique_Efaecium/results/fastqc_multiqc/fastqc_trim_illumina/multiqc_data'
[2026-01-14 13:55:02,127] multiqc                                            [DEBUG  ]  Full report path: /mnt/c/Users/julie/NGS_project/Projet_Genomique_Efaecium/results/fastqc_multiqc/fastqc_trim_illumina/multiqc_report.html
[2026-01-14 13:55:02,178] multiqc                                            [ERROR  ]  Could not include file 'assets/js/packages/jszip.min.js': [Errno 2] No such file or directory: '/tmp/tmpcb8ea48t/assets/js/packages/jszip.min.js'
[2026-01-14 13:55:02,262] multiqc                                            [INFO   ]  MultiQC complete
