
Found perl:
   /home/julievm/miniconda3/envs/ngs_efaecium/bin/perl
   This is perl 5, version 32, subversion 1 (v5.32.1) built for x86_64-linux-thread-multi

Found java:
   /home/julievm/miniconda3/envs/ngs_efaecium/lib/jvm/bin/java
   openjdk version "25.0.1-internal" 2025-10-21

Found canu:
   /home/julievm/miniconda3/envs/ngs_efaecium/bin/canu
   canu 2.2

Running job 1 based on command line options.

Found 1 command tree.

PROCESSING TREE #1 using 4 threads.
  opGreaterThan
    threshold=1
    opUnionSum
      ./efaecium.01.meryl
    output to efaecium.ms16.WORKING

Cleaning up.

Bye.

Found 1 command tree.

Found 1 command tree.

PROCESSING TREE #1 using 4 threads.
  opAtLeast
    threshold=112
    opAtLeast
      word-frequenct=0.000000
      ./efaecium.ms16
    print to ./efaecium.ms16.##.dump

Cleaning up.

Bye.

Found 1 command tree.
