
Found perl:
   /home/julievm/miniconda3/envs/ngs_efaecium/bin/perl
   This is perl 5, version 32, subversion 1 (v5.32.1) built for x86_64-linux-thread-multi

Found java:
   /home/julievm/miniconda3/envs/ngs_efaecium/lib/jvm/bin/java
   openjdk version "25.0.1-internal" 2025-10-21

Found canu:
   /home/julievm/miniconda3/envs/ngs_efaecium/bin/canu
   canu 2.2


Creating library 'E745.Pl1' for PacBio raw reads.

               reads               bases
---------- --------- ------ ------------ ------
Loaded           541  99.4%      4528811 100.0%  /mnt/c/Users/julie/NGS_project/Projet_Genomique_Efaecium/data/raw/pacbio/E745.Pl1.fastq.gz
Short              3   0.6%         1576   0.0%


Creating library 'E745.Pl2' for PacBio raw reads.

               reads               bases
---------- --------- ------ ------------ ------
Loaded            77  98.7%       605598 100.0%  /mnt/c/Users/julie/NGS_project/Projet_Genomique_Efaecium/data/raw/pacbio/E745.Pl2.fastq.gz
Short              1   1.3%           50   0.0%


Creating library 'E745.Pl3' for PacBio raw reads.

               reads               bases
---------- --------- ------ ------------ ------
Loaded            22 100.0%       154287 100.0%  /mnt/c/Users/julie/NGS_project/Projet_Genomique_Efaecium/data/raw/pacbio/E745.Pl3.fastq.gz


Creating library 'E745.Pl4' for PacBio raw reads.

               reads               bases
---------- --------- ------ ------------ ------
Loaded            41  97.6%       327007 100.0%  /mnt/c/Users/julie/NGS_project/Projet_Genomique_Efaecium/data/raw/pacbio/E745.Pl4.fastq.gz
Short              1   2.4%           50   0.0%


Creating library 'E745.Pl5' for PacBio raw reads.

               reads               bases
---------- --------- ------ ------------ ------
Loaded           131  97.8%      1045279  99.9%  /mnt/c/Users/julie/NGS_project/Projet_Genomique_Efaecium/data/raw/pacbio/E745.Pl5.fastq.gz
Short              3   2.2%         1352   0.1%


Creating library 'E745.Pl6' for PacBio raw reads.

               reads               bases
---------- --------- ------ ------------ ------
Loaded           158  99.4%      1361069 100.0%  /mnt/c/Users/julie/NGS_project/Projet_Genomique_Efaecium/data/raw/pacbio/E745.Pl6.fastq.gz
Short              1   0.6%           50   0.0%


Creating library 'E754.CHR' for PacBio raw reads.

               reads               bases
---------- --------- ------ ------------ ------
Loaded          6675  99.1%     55148371  99.9%  /mnt/c/Users/julie/NGS_project/Projet_Genomique_Efaecium/data/raw/pacbio/E754.CHR.fastq.gz
Short             60   0.9%        30870   0.1%


All reads processed.

               reads               bases
---------- --------- ------ ------------ ------
Loaded          7645  99.1%     63170422  99.9%
Short             69   0.9%        33948   0.1%


Bye.
